<?xml version="1.0" encoding="UTF-8"?>
<!-- Generated by org.testng.reporters.JUnitReportReporter -->
<testsuite skipped="0" hostname="Bachhi-PC" name="TestScripts.DriverScriptTest" tests="1" failures="0" timestamp="15 Oct 2018 23:52:37 GMT" time="50.445" errors="0">
  <testcase name="mainMethod" time="50.445" classname="TestScripts.DriverScriptTest"/>
</testsuite> <!-- TestScripts.DriverScriptTest -->
